<?xml version="1.0" encoding="UTF-8"?>
<testsuites name="testSuite_HitungProperti" time="131.767" tests="4" failures="1" errors="0">
   <testsuite name="testSuite_HitungProperti" tests="4" failures="1" errors="0" time="131.767" skipped="0" timestamp="26-02-2024T21:16:30" hostname="Noto - WIN-S1NJ55NAC8V" id="Test Suites/testSuite_HitungProperti">
      <properties>
         <property name="deviceName" value=""/>
         <property name="devicePlatform" value=""/>
         <property name="logFolder" value="C:\\Users\\Noto\\Katalon Studio\\hitungProperti\\Reports\\20240226_211621\\testSuite_HitungProperti\\20240226_211621"/>
         <property name="logFiles" value="C:\\Users\\Noto\\Katalon Studio\\hitungProperti\\Reports\\20240226_211621\\testSuite_HitungProperti\\20240226_211621\\execution0.log"/>
         <property name="attachments" value="C:\\Users\\Noto\\Katalon Studio\\hitungProperti\\Reports\\20240226_211621\\testSuite_HitungProperti\\20240226_211621\\1708957101174.png"/>
         <property name="hostName" value="Noto - WIN-S1NJ55NAC8V"/>
         <property name="os" value="Windows 10 64bit"/>
         <property name="katalonVersion" value="9.3.0.212"/>
         <property name="browser" value="Chrome 121.0.0.0"/>
         <property name="hostAddress" value="192.168.18.44"/>
         <property name="sessionId" value="b4b489cc8aa0189f54b5482ec5862657"/>
         <property name="seleniumVersion" value="3.141.59"/>
         <property name="proxyInformation" value="ProxyInformation { proxyOption=NO_PROXY, proxyServerType=HTTP, username=, password=********, proxyServerAddress=, proxyServerPort=0, executionList=&quot;&quot;, isApplyToDesiredCapabilities=true }"/>
         <property name="platform" value="Windows 10"/>
      </properties>
      <testcase name="Test Cases/simulasiHitung" time="18.608" classname="Test Cases/simulasiHitung" status="PASSED">
         <system-out><![CDATA[26-02-2024T21:16:31 - [TEST_CASE][PASSED] - Test Cases/simulasiHitung: Test Cases/simulasiHitung

26-02-2024T21:16:32 - [TEST_STEP][PASSED] - openBrowser(""): Browser is opened with url: ''

26-02-2024T21:16:32 - [MESSAGE][INFO] - Starting 'Chrome' driver

26-02-2024T21:16:32 - [MESSAGE][INFO] - Action delay is set to 0 milliseconds

26-02-2024T21:16:35 - [MESSAGE][PASSED] - Browser is opened with url: ''

26-02-2024T21:16:35 - [TEST_STEP][PASSED] - navigateToUrl(UrlHitungProperti): Navigate to 'https://www.btnproperti.co.id/tools/hitung-harga-properti' successfully

26-02-2024T21:16:41 - [MESSAGE][PASSED] - Navigate to 'https://www.btnproperti.co.id/tools/hitung-harga-properti' successfully

26-02-2024T21:16:41 - [TEST_STEP][PASSED] - maximizeWindow(): Current window maximized

26-02-2024T21:16:41 - [MESSAGE][PASSED] - Current window maximized

26-02-2024T21:16:41 - [TEST_STEP][PASSED] - if (Penghasilan != ""): Text '10000000' is set on object 'Object Repository/Page_Hitung Harga Properti Maksimal  BTN Pr_37bba6/input_Penghasilan'

26-02-2024T21:16:41 - [TEST_STEP][PASSED] - setText(findTestObject("Object Repository/Page_Hitung Harga Properti Maksimal  BTN Pr_37bba6/input_Penghasilan"), Penghasilan): Text '10000000' is set on object 'Object Repository/Page_Hitung Harga Properti Maksimal  BTN Pr_37bba6/input_Penghasilan'

26-02-2024T21:16:43 - [MESSAGE][PASSED] - Text '10000000' is set on object 'Object Repository/Page_Hitung Harga Properti Maksimal  BTN Pr_37bba6/input_Penghasilan'

26-02-2024T21:16:43 - [TEST_STEP][PASSED] - if (Pengeluaran != ""): Text '2000000' is set on object 'Object Repository/Page_Hitung Harga Properti Maksimal  BTN Pr_37bba6/input_Pengeluaran'

26-02-2024T21:16:43 - [TEST_STEP][PASSED] - setText(findTestObject("Object Repository/Page_Hitung Harga Properti Maksimal  BTN Pr_37bba6/input_Pengeluaran"), Pengeluaran): Text '2000000' is set on object 'Object Repository/Page_Hitung Harga Properti Maksimal  BTN Pr_37bba6/input_Pengeluaran'

26-02-2024T21:16:43 - [MESSAGE][PASSED] - Text '2000000' is set on object 'Object Repository/Page_Hitung Harga Properti Maksimal  BTN Pr_37bba6/input_Pengeluaran'

26-02-2024T21:16:43 - [TEST_STEP][PASSED] - if (jangkaWaktu != ""): All options with value '15' are selected in object 'Object Repository/Page_Hitung Harga Properti Maksimal  BTN Pr_37bba6/select_jangkaWaktu'  using regular expression

26-02-2024T21:16:43 - [TEST_STEP][PASSED] - selectOptionByValue(findTestObject("Object Repository/Page_Hitung Harga Properti Maksimal  BTN Pr_37bba6/select_jangkaWaktu"), jangkaWaktu, true): All options with value '15' are selected in object 'Object Repository/Page_Hitung Harga Properti Maksimal  BTN Pr_37bba6/select_jangkaWaktu'  using regular expression

26-02-2024T21:16:45 - [MESSAGE][PASSED] - All options with value '15' are selected in object 'Object Repository/Page_Hitung Harga Properti Maksimal  BTN Pr_37bba6/select_jangkaWaktu'  using regular expression

26-02-2024T21:16:45 - [TEST_STEP][PASSED] - click(findTestObject("Page_Hitung Harga Properti Maksimal  BTN Pr_37bba6/button_Hitung")): Object: 'Object Repository/Page_Hitung Harga Properti Maksimal  BTN Pr_37bba6/button_Hitung' is clicked on

26-02-2024T21:16:48 - [MESSAGE][PASSED] - Object: 'Object Repository/Page_Hitung Harga Properti Maksimal  BTN Pr_37bba6/button_Hitung' is clicked on

26-02-2024T21:16:48 - [TEST_STEP][PASSED] - if (testType == "P"): Object 'Object Repository/Page_Hitung Harga Properti Maksimal  BTN Pr_37bba6/HasilHitung' is visible

26-02-2024T21:16:48 - [TEST_STEP][PASSED] - waitForElementVisible(findTestObject("Page_Hitung Harga Properti Maksimal  BTN Pr_37bba6/HasilHitung"), 0): Object 'Object Repository/Page_Hitung Harga Properti Maksimal  BTN Pr_37bba6/HasilHitung' is visible

26-02-2024T21:16:48 - [MESSAGE][WARNING] - Timeout '0' is invalid. Using default page load timeout: '30'

26-02-2024T21:16:49 - [MESSAGE][PASSED] - Object 'Object Repository/Page_Hitung Harga Properti Maksimal  BTN Pr_37bba6/HasilHitung' is visible

26-02-2024T21:16:49 - [TEST_STEP][PASSED] - closeBrowser(): Browser is closed

26-02-2024T21:16:49 - [MESSAGE][PASSED] - Browser is closed]]></system-out>
         <system-err><![CDATA[]]></system-err>
      </testcase>
      <testcase name="Test Cases/simulasiHitung" time="16.213" classname="Test Cases/simulasiHitung" status="PASSED">
         <system-out><![CDATA[26-02-2024T21:16:49 - [TEST_CASE][PASSED] - Test Cases/simulasiHitung: Test Cases/simulasiHitung

26-02-2024T21:16:50 - [TEST_STEP][PASSED] - openBrowser(""): Browser is opened with url: ''

26-02-2024T21:16:50 - [MESSAGE][INFO] - Starting 'Chrome' driver

26-02-2024T21:16:50 - [MESSAGE][INFO] - Action delay is set to 0 milliseconds

26-02-2024T21:16:51 - [MESSAGE][PASSED] - Browser is opened with url: ''

26-02-2024T21:16:51 - [TEST_STEP][PASSED] - navigateToUrl(UrlHitungProperti): Navigate to 'https://www.btnproperti.co.id/tools/hitung-harga-properti' successfully

26-02-2024T21:16:59 - [MESSAGE][PASSED] - Navigate to 'https://www.btnproperti.co.id/tools/hitung-harga-properti' successfully

26-02-2024T21:16:59 - [TEST_STEP][PASSED] - maximizeWindow(): Current window maximized

26-02-2024T21:16:59 - [MESSAGE][PASSED] - Current window maximized

26-02-2024T21:16:59 - [TEST_STEP][PASSED] - if (Penghasilan != ""): Text '12000000' is set on object 'Object Repository/Page_Hitung Harga Properti Maksimal  BTN Pr_37bba6/input_Penghasilan'

26-02-2024T21:16:59 - [TEST_STEP][PASSED] - setText(findTestObject("Object Repository/Page_Hitung Harga Properti Maksimal  BTN Pr_37bba6/input_Penghasilan"), Penghasilan): Text '12000000' is set on object 'Object Repository/Page_Hitung Harga Properti Maksimal  BTN Pr_37bba6/input_Penghasilan'

26-02-2024T21:17:00 - [MESSAGE][PASSED] - Text '12000000' is set on object 'Object Repository/Page_Hitung Harga Properti Maksimal  BTN Pr_37bba6/input_Penghasilan'

26-02-2024T21:17:00 - [TEST_STEP][PASSED] - if (Pengeluaran != ""): Text '0' is set on object 'Object Repository/Page_Hitung Harga Properti Maksimal  BTN Pr_37bba6/input_Pengeluaran'

26-02-2024T21:17:00 - [TEST_STEP][PASSED] - setText(findTestObject("Object Repository/Page_Hitung Harga Properti Maksimal  BTN Pr_37bba6/input_Pengeluaran"), Pengeluaran): Text '0' is set on object 'Object Repository/Page_Hitung Harga Properti Maksimal  BTN Pr_37bba6/input_Pengeluaran'

26-02-2024T21:17:01 - [MESSAGE][PASSED] - Text '0' is set on object 'Object Repository/Page_Hitung Harga Properti Maksimal  BTN Pr_37bba6/input_Pengeluaran'

26-02-2024T21:17:01 - [TEST_STEP][PASSED] - if (jangkaWaktu != ""): All options with value '10' are selected in object 'Object Repository/Page_Hitung Harga Properti Maksimal  BTN Pr_37bba6/select_jangkaWaktu'  using regular expression

26-02-2024T21:17:01 - [TEST_STEP][PASSED] - selectOptionByValue(findTestObject("Object Repository/Page_Hitung Harga Properti Maksimal  BTN Pr_37bba6/select_jangkaWaktu"), jangkaWaktu, true): All options with value '10' are selected in object 'Object Repository/Page_Hitung Harga Properti Maksimal  BTN Pr_37bba6/select_jangkaWaktu'  using regular expression

26-02-2024T21:17:02 - [MESSAGE][PASSED] - All options with value '10' are selected in object 'Object Repository/Page_Hitung Harga Properti Maksimal  BTN Pr_37bba6/select_jangkaWaktu'  using regular expression

26-02-2024T21:17:02 - [TEST_STEP][PASSED] - click(findTestObject("Page_Hitung Harga Properti Maksimal  BTN Pr_37bba6/button_Hitung")): Object: 'Object Repository/Page_Hitung Harga Properti Maksimal  BTN Pr_37bba6/button_Hitung' is clicked on

26-02-2024T21:17:05 - [MESSAGE][PASSED] - Object: 'Object Repository/Page_Hitung Harga Properti Maksimal  BTN Pr_37bba6/button_Hitung' is clicked on

26-02-2024T21:17:05 - [TEST_STEP][PASSED] - if (testType == "P"): Object 'Object Repository/Page_Hitung Harga Properti Maksimal  BTN Pr_37bba6/HasilHitung' is visible

26-02-2024T21:17:05 - [TEST_STEP][PASSED] - waitForElementVisible(findTestObject("Page_Hitung Harga Properti Maksimal  BTN Pr_37bba6/HasilHitung"), 0): Object 'Object Repository/Page_Hitung Harga Properti Maksimal  BTN Pr_37bba6/HasilHitung' is visible

26-02-2024T21:17:05 - [MESSAGE][WARNING] - Timeout '0' is invalid. Using default page load timeout: '30'

26-02-2024T21:17:05 - [MESSAGE][PASSED] - Object 'Object Repository/Page_Hitung Harga Properti Maksimal  BTN Pr_37bba6/HasilHitung' is visible

26-02-2024T21:17:05 - [TEST_STEP][PASSED] - closeBrowser(): Browser is closed

26-02-2024T21:17:06 - [MESSAGE][PASSED] - Browser is closed]]></system-out>
         <system-err><![CDATA[]]></system-err>
      </testcase>
      <testcase name="Test Cases/simulasiHitung" time="75.001" classname="Test Cases/simulasiHitung" status="FAILED">
         <failure type="FAILED" message="Test Cases/simulasiHitung FAILED.&#xa;Reason:&#xa;com.kms.katalon.core.exception.StepFailedException: Unable to click on object 'Object Repository/Page_Hitung Harga Properti Maksimal  BTN Pr_37bba6/button_Hitung'&#xa;	at com.kms.katalon.core.webui.keyword.internal.WebUIKeywordMain.stepFailed(WebUIKeywordMain.groovy:64)&#xa;	at com.kms.katalon.core.webui.keyword.internal.WebUIKeywordMain.runKeyword(WebUIKeywordMain.groovy:26)&#xa;	at com.kms.katalon.core.webui.keyword.builtin.ClickKeyword.click(ClickKeyword.groovy:74)&#xa;	at com.kms.katalon.core.webui.keyword.builtin.ClickKeyword.execute(ClickKeyword.groovy:40)&#xa;	at com.kms.katalon.core.keyword.internal.KeywordExecutor.executeKeywordForPlatform(KeywordExecutor.groovy:74)&#xa;	at com.kms.katalon.core.webui.keyword.WebUiBuiltInKeywords.click(WebUiBuiltInKeywords.groovy:659)&#xa;	at simulasiHitung.run(simulasiHitung:45)&#xa;	at com.kms.katalon.core.main.ScriptEngine.run(ScriptEngine.java:194)&#xa;	at com.kms.katalon.core.main.ScriptEngine.runScriptAsRawText(ScriptEngine.java:119)&#xa;	at com.kms.katalon.core.main.TestCaseExecutor.runScript(TestCaseExecutor.java:448)&#xa;	at com.kms.katalon.core.main.TestCaseExecutor.doExecute(TestCaseExecutor.java:439)&#xa;	at com.kms.katalon.core.main.TestCaseExecutor.processExecutionPhase(TestCaseExecutor.java:418)&#xa;	at com.kms.katalon.core.main.TestCaseExecutor.accessMainPhase(TestCaseExecutor.java:410)&#xa;	at com.kms.katalon.core.main.TestCaseExecutor.execute(TestCaseExecutor.java:285)&#xa;	at com.kms.katalon.core.common.CommonExecutor.accessTestCaseMainPhase(CommonExecutor.java:65)&#xa;	at com.kms.katalon.core.main.TestSuiteExecutor.accessTestSuiteMainPhase(TestSuiteExecutor.java:148)&#xa;	at com.kms.katalon.core.main.TestSuiteExecutor.execute(TestSuiteExecutor.java:106)&#xa;	at com.kms.katalon.core.main.TestCaseMain.startTestSuite(TestCaseMain.java:180)&#xa;	at TempTestSuite1708956981201.run(TempTestSuite1708956981201.groovy:36)&#xa;	at java.base/jdk.internal.reflect.NativeMethodAccessorImpl.invoke0(Native Method)&#xa;	at java.base/jdk.internal.reflect.NativeMethodAccessorImpl.invoke(NativeMethodAccessorImpl.java:77)&#xa;	at java.base/jdk.internal.reflect.DelegatingMethodAccessorImpl.invoke(DelegatingMethodAccessorImpl.java:43)&#xa;Caused by: org.openqa.selenium.ElementClickInterceptedException: element click intercepted: Element &lt;button type=&quot;submit&quot; class=&quot;btn btn-main px-5 d-block w-100&quot; style=&quot;font-family:Helvetica;font-weight:700;font-size:16px;height:52px&quot; disabled=&quot;&quot;>...&lt;/button> is not clickable at point (296, 580). Other element would receive the click: &lt;div id=&quot;hitung_harga_button&quot; class=&quot;col-12 col-md-6 p-0&quot; style=&quot;width:250px;height:52px&quot;>...&lt;/div>&#xa;  (Session info: chrome=121.0.6167.189)&#xa;Build info: version: '3.141.59', revision: 'e82be7d358', time: '2018-11-14T08:25:53'&#xa;System info: host: 'WIN-S1NJ55NAC8V', ip: '192.168.18.44', os.name: 'Windows 10', os.arch: 'amd64', os.version: '10.0', java.version: '17.0.7'&#xa;Driver info: com.kms.katalon.selenium.driver.CChromeDriver&#xa;Capabilities {acceptInsecureCerts: false, browserName: chrome, browserVersion: 121.0.6167.189, chrome: {chromedriverVersion: 121.0.6167.85 (3f98d690ad7e..., userDataDir: C:\Users\Noto\AppData\Local...}, fedcm:accounts: true, goog:chromeOptions: {debuggerAddress: localhost:58285}, javascriptEnabled: true, networkConnectionEnabled: false, pageLoadStrategy: normal, platform: WINDOWS, platformName: WINDOWS, proxy: Proxy(), setWindowRect: true, strictFileInteractability: false, timeouts: {implicit: 0, pageLoad: 300000, script: 30000}, unhandledPromptBehavior: dismiss and notify, webauthn:extension:credBlob: true, webauthn:extension:largeBlob: true, webauthn:extension:minPinLength: true, webauthn:extension:prf: true, webauthn:virtualAuthenticators: true}&#xa;Session ID: 0fbd024cdd037fe9c47f7d7302f21630&#xa;	at jdk.internal.reflect.GeneratedConstructorAccessor27.newInstance(Unknown Source)&#xa;	at java.base/jdk.internal.reflect.DelegatingConstructorAccessorImpl.newInstance(DelegatingConstructorAccessorImpl.java:45)&#xa;	at org.openqa.selenium.remote.http.W3CHttpResponseCodec.createException(W3CHttpResponseCodec.java:187)&#xa;	at org.openqa.selenium.remote.http.W3CHttpResponseCodec.decode(W3CHttpResponseCodec.java:122)&#xa;	at org.openqa.selenium.remote.http.W3CHttpResponseCodec.decode(W3CHttpResponseCodec.java:49)&#xa;	at org.openqa.selenium.remote.HttpCommandExecutor.execute(HttpCommandExecutor.java:158)&#xa;	at org.openqa.selenium.remote.service.DriverCommandExecutor.execute(DriverCommandExecutor.java:83)&#xa;	at org.openqa.selenium.remote.RemoteWebDriver.execute(RemoteWebDriver.java:552)&#xa;	at com.kms.katalon.selenium.driver.CChromeDriver.execute(CChromeDriver.java:19)&#xa;	at org.openqa.selenium.remote.RemoteWebElement.execute(RemoteWebElement.java:285)&#xa;	at org.openqa.selenium.remote.RemoteWebElement.click(RemoteWebElement.java:84)&#xa;	at jdk.internal.reflect.GeneratedMethodAccessor13.invoke(Unknown Source)&#xa;	at java.base/jdk.internal.reflect.DelegatingMethodAccessorImpl.invoke(DelegatingMethodAccessorImpl.java:43)&#xa;	at org.openqa.selenium.support.events.EventFiringWebDriver$EventFiringWebElement.lambda$new$0(EventFiringWebDriver.java:404)&#xa;	at jdk.proxy2/jdk.proxy2.$Proxy24.click(Unknown Source)&#xa;	at org.openqa.selenium.support.events.EventFiringWebDriver$EventFiringWebElement.click(EventFiringWebDriver.java:417)&#xa;	at org.openqa.selenium.WebElement$click.call(Unknown Source)&#xa;	at com.kms.katalon.core.webui.keyword.builtin.ClickKeyword.clickUntilSuccessWithTimeout(ClickKeyword.groovy:81)&#xa;	at com.kms.katalon.core.webui.keyword.builtin.ClickKeyword.clickUntilSuccessWithTimeout(ClickKeyword.groovy)&#xa;	at java.base/jdk.internal.reflect.NativeMethodAccessorImpl.invoke0(Native Method)&#xa;	at java.base/jdk.internal.reflect.NativeMethodAccessorImpl.invoke(NativeMethodAccessorImpl.java:77)&#xa;	at java.base/jdk.internal.reflect.DelegatingMethodAccessorImpl.invoke(DelegatingMethodAccessorImpl.java:43)&#xa;	at com.kms.katalon.core.webui.keyword.builtin.ClickKeyword$_click_closure1.doCall(ClickKeyword.groovy:67)&#xa;	at com.kms.katalon.core.webui.keyword.builtin.ClickKeyword$_click_closure1.call(ClickKeyword.groovy)&#xa;	at com.kms.katalon.core.webui.keyword.internal.WebUIKeywordMain.runKeyword(WebUIKeywordMain.groovy:20)&#xa;	... 20 more&#xa;"/>
         <system-out><![CDATA[26-02-2024T21:17:06 - [TEST_CASE][FAILED] - Test Cases/simulasiHitung: Test Cases/simulasiHitung FAILED.
Reason:
com.kms.katalon.core.exception.StepFailedException: Unable to click on object 'Object Repository/Page_Hitung Harga Properti Maksimal  BTN Pr_37bba6/button_Hitung'
	at com.kms.katalon.core.webui.keyword.internal.WebUIKeywordMain.stepFailed(WebUIKeywordMain.groovy:64)
	at com.kms.katalon.core.webui.keyword.internal.WebUIKeywordMain.runKeyword(WebUIKeywordMain.groovy:26)
	at com.kms.katalon.core.webui.keyword.builtin.ClickKeyword.click(ClickKeyword.groovy:74)
	at com.kms.katalon.core.webui.keyword.builtin.ClickKeyword.execute(ClickKeyword.groovy:40)
	at com.kms.katalon.core.keyword.internal.KeywordExecutor.executeKeywordForPlatform(KeywordExecutor.groovy:74)
	at com.kms.katalon.core.webui.keyword.WebUiBuiltInKeywords.click(WebUiBuiltInKeywords.groovy:659)
	at simulasiHitung.run(simulasiHitung:45)
	at com.kms.katalon.core.main.ScriptEngine.run(ScriptEngine.java:194)
	at com.kms.katalon.core.main.ScriptEngine.runScriptAsRawText(ScriptEngine.java:119)
	at com.kms.katalon.core.main.TestCaseExecutor.runScript(TestCaseExecutor.java:448)
	at com.kms.katalon.core.main.TestCaseExecutor.doExecute(TestCaseExecutor.java:439)
	at com.kms.katalon.core.main.TestCaseExecutor.processExecutionPhase(TestCaseExecutor.java:418)
	at com.kms.katalon.core.main.TestCaseExecutor.accessMainPhase(TestCaseExecutor.java:410)
	at com.kms.katalon.core.main.TestCaseExecutor.execute(TestCaseExecutor.java:285)
	at com.kms.katalon.core.common.CommonExecutor.accessTestCaseMainPhase(CommonExecutor.java:65)
	at com.kms.katalon.core.main.TestSuiteExecutor.accessTestSuiteMainPhase(TestSuiteExecutor.java:148)
	at com.kms.katalon.core.main.TestSuiteExecutor.execute(TestSuiteExecutor.java:106)
	at com.kms.katalon.core.main.TestCaseMain.startTestSuite(TestCaseMain.java:180)
	at TempTestSuite1708956981201.run(TempTestSuite1708956981201.groovy:36)
	at java.base/jdk.internal.reflect.NativeMethodAccessorImpl.invoke0(Native Method)
	at java.base/jdk.internal.reflect.NativeMethodAccessorImpl.invoke(NativeMethodAccessorImpl.java:77)
	at java.base/jdk.internal.reflect.DelegatingMethodAccessorImpl.invoke(DelegatingMethodAccessorImpl.java:43)
Caused by: org.openqa.selenium.ElementClickInterceptedException: element click intercepted: Element <button type="submit" class="btn btn-main px-5 d-block w-100" style="font-family:Helvetica;font-weight:700;font-size:16px;height:52px" disabled="">...</button> is not clickable at point (296, 580). Other element would receive the click: <div id="hitung_harga_button" class="col-12 col-md-6 p-0" style="width:250px;height:52px">...</div>
  (Session info: chrome=121.0.6167.189)
Build info: version: '3.141.59', revision: 'e82be7d358', time: '2018-11-14T08:25:53'
System info: host: 'WIN-S1NJ55NAC8V', ip: '192.168.18.44', os.name: 'Windows 10', os.arch: 'amd64', os.version: '10.0', java.version: '17.0.7'
Driver info: com.kms.katalon.selenium.driver.CChromeDriver
Capabilities {acceptInsecureCerts: false, browserName: chrome, browserVersion: 121.0.6167.189, chrome: {chromedriverVersion: 121.0.6167.85 (3f98d690ad7e..., userDataDir: C:\Users\Noto\AppData\Local...}, fedcm:accounts: true, goog:chromeOptions: {debuggerAddress: localhost:58285}, javascriptEnabled: true, networkConnectionEnabled: false, pageLoadStrategy: normal, platform: WINDOWS, platformName: WINDOWS, proxy: Proxy(), setWindowRect: true, strictFileInteractability: false, timeouts: {implicit: 0, pageLoad: 300000, script: 30000}, unhandledPromptBehavior: dismiss and notify, webauthn:extension:credBlob: true, webauthn:extension:largeBlob: true, webauthn:extension:minPinLength: true, webauthn:extension:prf: true, webauthn:virtualAuthenticators: true}
Session ID: 0fbd024cdd037fe9c47f7d7302f21630
	at jdk.internal.reflect.GeneratedConstructorAccessor27.newInstance(Unknown Source)
	at java.base/jdk.internal.reflect.DelegatingConstructorAccessorImpl.newInstance(DelegatingConstructorAccessorImpl.java:45)
	at org.openqa.selenium.remote.http.W3CHttpResponseCodec.createException(W3CHttpResponseCodec.java:187)
	at org.openqa.selenium.remote.http.W3CHttpResponseCodec.decode(W3CHttpResponseCodec.java:122)
	at org.openqa.selenium.remote.http.W3CHttpResponseCodec.decode(W3CHttpResponseCodec.java:49)
	at org.openqa.selenium.remote.HttpCommandExecutor.execute(HttpCommandExecutor.java:158)
	at org.openqa.selenium.remote.service.DriverCommandExecutor.execute(DriverCommandExecutor.java:83)
	at org.openqa.selenium.remote.RemoteWebDriver.execute(RemoteWebDriver.java:552)
	at com.kms.katalon.selenium.driver.CChromeDriver.execute(CChromeDriver.java:19)
	at org.openqa.selenium.remote.RemoteWebElement.execute(RemoteWebElement.java:285)
	at org.openqa.selenium.remote.RemoteWebElement.click(RemoteWebElement.java:84)
	at jdk.internal.reflect.GeneratedMethodAccessor13.invoke(Unknown Source)
	at java.base/jdk.internal.reflect.DelegatingMethodAccessorImpl.invoke(DelegatingMethodAccessorImpl.java:43)
	at org.openqa.selenium.support.events.EventFiringWebDriver$EventFiringWebElement.lambda$new$0(EventFiringWebDriver.java:404)
	at jdk.proxy2/jdk.proxy2.$Proxy24.click(Unknown Source)
	at org.openqa.selenium.support.events.EventFiringWebDriver$EventFiringWebElement.click(EventFiringWebDriver.java:417)
	at org.openqa.selenium.WebElement$click.call(Unknown Source)
	at com.kms.katalon.core.webui.keyword.builtin.ClickKeyword.clickUntilSuccessWithTimeout(ClickKeyword.groovy:81)
	at com.kms.katalon.core.webui.keyword.builtin.ClickKeyword.clickUntilSuccessWithTimeout(ClickKeyword.groovy)
	at java.base/jdk.internal.reflect.NativeMethodAccessorImpl.invoke0(Native Method)
	at java.base/jdk.internal.reflect.NativeMethodAccessorImpl.invoke(NativeMethodAccessorImpl.java:77)
	at java.base/jdk.internal.reflect.DelegatingMethodAccessorImpl.invoke(DelegatingMethodAccessorImpl.java:43)
	at com.kms.katalon.core.webui.keyword.builtin.ClickKeyword$_click_closure1.doCall(ClickKeyword.groovy:67)
	at com.kms.katalon.core.webui.keyword.builtin.ClickKeyword$_click_closure1.call(ClickKeyword.groovy)
	at com.kms.katalon.core.webui.keyword.internal.WebUIKeywordMain.runKeyword(WebUIKeywordMain.groovy:20)
	... 20 more


26-02-2024T21:17:06 - [TEST_STEP][PASSED] - openBrowser(""): Browser is opened with url: ''

26-02-2024T21:17:06 - [MESSAGE][INFO] - Starting 'Chrome' driver

26-02-2024T21:17:06 - [MESSAGE][INFO] - Action delay is set to 0 milliseconds

26-02-2024T21:17:07 - [MESSAGE][PASSED] - Browser is opened with url: ''

26-02-2024T21:17:07 - [TEST_STEP][PASSED] - navigateToUrl(UrlHitungProperti): Navigate to 'https://www.btnproperti.co.id/tools/hitung-harga-properti' successfully

26-02-2024T21:17:44 - [MESSAGE][PASSED] - Navigate to 'https://www.btnproperti.co.id/tools/hitung-harga-properti' successfully

26-02-2024T21:17:45 - [TEST_STEP][PASSED] - maximizeWindow(): Current window maximized

26-02-2024T21:17:45 - [MESSAGE][PASSED] - Current window maximized

26-02-2024T21:17:45 - [TEST_STEP][PASSED] - if (Penghasilan != ""): Text '5000000' is set on object 'Object Repository/Page_Hitung Harga Properti Maksimal  BTN Pr_37bba6/input_Penghasilan'

26-02-2024T21:17:45 - [TEST_STEP][PASSED] - setText(findTestObject("Object Repository/Page_Hitung Harga Properti Maksimal  BTN Pr_37bba6/input_Penghasilan"), Penghasilan): Text '5000000' is set on object 'Object Repository/Page_Hitung Harga Properti Maksimal  BTN Pr_37bba6/input_Penghasilan'

26-02-2024T21:17:45 - [MESSAGE][PASSED] - Text '5000000' is set on object 'Object Repository/Page_Hitung Harga Properti Maksimal  BTN Pr_37bba6/input_Penghasilan'

26-02-2024T21:17:45 - [TEST_STEP][PASSED] - if (Pengeluaran != ""): Text '6000000' is set on object 'Object Repository/Page_Hitung Harga Properti Maksimal  BTN Pr_37bba6/input_Pengeluaran'

26-02-2024T21:17:45 - [TEST_STEP][PASSED] - setText(findTestObject("Object Repository/Page_Hitung Harga Properti Maksimal  BTN Pr_37bba6/input_Pengeluaran"), Pengeluaran): Text '6000000' is set on object 'Object Repository/Page_Hitung Harga Properti Maksimal  BTN Pr_37bba6/input_Pengeluaran'

26-02-2024T21:17:46 - [MESSAGE][PASSED] - Text '6000000' is set on object 'Object Repository/Page_Hitung Harga Properti Maksimal  BTN Pr_37bba6/input_Pengeluaran'

26-02-2024T21:17:46 - [TEST_STEP][PASSED] - if (jangkaWaktu != ""): All options with value '10' are selected in object 'Object Repository/Page_Hitung Harga Properti Maksimal  BTN Pr_37bba6/select_jangkaWaktu'  using regular expression

26-02-2024T21:17:46 - [TEST_STEP][PASSED] - selectOptionByValue(findTestObject("Object Repository/Page_Hitung Harga Properti Maksimal  BTN Pr_37bba6/select_jangkaWaktu"), jangkaWaktu, true): All options with value '10' are selected in object 'Object Repository/Page_Hitung Harga Properti Maksimal  BTN Pr_37bba6/select_jangkaWaktu'  using regular expression

26-02-2024T21:17:48 - [MESSAGE][PASSED] - All options with value '10' are selected in object 'Object Repository/Page_Hitung Harga Properti Maksimal  BTN Pr_37bba6/select_jangkaWaktu'  using regular expression

26-02-2024T21:17:48 - [TEST_STEP][FAILED] - click(findTestObject("Page_Hitung Harga Properti Maksimal  BTN Pr_37bba6/button_Hitung")): Unable to click on object 'Object Repository/Page_Hitung Harga Properti Maksimal  BTN Pr_37bba6/button_Hitung' (Root cause: com.kms.katalon.core.exception.StepFailedException: Unable to click on object 'Object Repository/Page_Hitung Harga Properti Maksimal  BTN Pr_37bba6/button_Hitung'
	at com.kms.katalon.core.webui.keyword.internal.WebUIKeywordMain.stepFailed(WebUIKeywordMain.groovy:64)
	at com.kms.katalon.core.webui.keyword.internal.WebUIKeywordMain.runKeyword(WebUIKeywordMain.groovy:26)
	at com.kms.katalon.core.webui.keyword.builtin.ClickKeyword.click(ClickKeyword.groovy:74)
	at com.kms.katalon.core.webui.keyword.builtin.ClickKeyword.execute(ClickKeyword.groovy:40)
	at com.kms.katalon.core.keyword.internal.KeywordExecutor.executeKeywordForPlatform(KeywordExecutor.groovy:74)
	at com.kms.katalon.core.webui.keyword.WebUiBuiltInKeywords.click(WebUiBuiltInKeywords.groovy:659)
	at simulasiHitung.run(simulasiHitung:45)
	at com.kms.katalon.core.main.ScriptEngine.run(ScriptEngine.java:194)
	at com.kms.katalon.core.main.ScriptEngine.runScriptAsRawText(ScriptEngine.java:119)
	at com.kms.katalon.core.main.TestCaseExecutor.runScript(TestCaseExecutor.java:448)
	at com.kms.katalon.core.main.TestCaseExecutor.doExecute(TestCaseExecutor.java:439)
	at com.kms.katalon.core.main.TestCaseExecutor.processExecutionPhase(TestCaseExecutor.java:418)
	at com.kms.katalon.core.main.TestCaseExecutor.accessMainPhase(TestCaseExecutor.java:410)
	at com.kms.katalon.core.main.TestCaseExecutor.execute(TestCaseExecutor.java:285)
	at com.kms.katalon.core.common.CommonExecutor.accessTestCaseMainPhase(CommonExecutor.java:65)
	at com.kms.katalon.core.main.TestSuiteExecutor.accessTestSuiteMainPhase(TestSuiteExecutor.java:148)
	at com.kms.katalon.core.main.TestSuiteExecutor.execute(TestSuiteExecutor.java:106)
	at com.kms.katalon.core.main.TestCaseMain.startTestSuite(TestCaseMain.java:180)
	at TempTestSuite1708956981201.run(TempTestSuite1708956981201.groovy:36)
	at java.base/jdk.internal.reflect.NativeMethodAccessorImpl.invoke0(Native Method)
	at java.base/jdk.internal.reflect.NativeMethodAccessorImpl.invoke(NativeMethodAccessorImpl.java:77)
	at java.base/jdk.internal.reflect.DelegatingMethodAccessorImpl.invoke(DelegatingMethodAccessorImpl.java:43)
Caused by: org.openqa.selenium.ElementClickInterceptedException: element click intercepted: Element <button type="submit" class="btn btn-main px-5 d-block w-100" style="font-family:Helvetica;font-weight:700;font-size:16px;height:52px" disabled="">...</button> is not clickable at point (296, 580). Other element would receive the click: <div id="hitung_harga_button" class="col-12 col-md-6 p-0" style="width:250px;height:52px">...</div>
  (Session info: chrome=121.0.6167.189)
Build info: version: '3.141.59', revision: 'e82be7d358', time: '2018-11-14T08:25:53'
System info: host: 'WIN-S1NJ55NAC8V', ip: '192.168.18.44', os.name: 'Windows 10', os.arch: 'amd64', os.version: '10.0', java.version: '17.0.7'
Driver info: com.kms.katalon.selenium.driver.CChromeDriver
Capabilities {acceptInsecureCerts: false, browserName: chrome, browserVersion: 121.0.6167.189, chrome: {chromedriverVersion: 121.0.6167.85 (3f98d690ad7e..., userDataDir: C:\Users\Noto\AppData\Local...}, fedcm:accounts: true, goog:chromeOptions: {debuggerAddress: localhost:58285}, javascriptEnabled: true, networkConnectionEnabled: false, pageLoadStrategy: normal, platform: WINDOWS, platformName: WINDOWS, proxy: Proxy(), setWindowRect: true, strictFileInteractability: false, timeouts: {implicit: 0, pageLoad: 300000, script: 30000}, unhandledPromptBehavior: dismiss and notify, webauthn:extension:credBlob: true, webauthn:extension:largeBlob: true, webauthn:extension:minPinLength: true, webauthn:extension:prf: true, webauthn:virtualAuthenticators: true}
Session ID: 0fbd024cdd037fe9c47f7d7302f21630
	at jdk.internal.reflect.GeneratedConstructorAccessor27.newInstance(Unknown Source)
	at java.base/jdk.internal.reflect.DelegatingConstructorAccessorImpl.newInstance(DelegatingConstructorAccessorImpl.java:45)
	at org.openqa.selenium.remote.http.W3CHttpResponseCodec.createException(W3CHttpResponseCodec.java:187)
	at org.openqa.selenium.remote.http.W3CHttpResponseCodec.decode(W3CHttpResponseCodec.java:122)
	at org.openqa.selenium.remote.http.W3CHttpResponseCodec.decode(W3CHttpResponseCodec.java:49)
	at org.openqa.selenium.remote.HttpCommandExecutor.execute(HttpCommandExecutor.java:158)
	at org.openqa.selenium.remote.service.DriverCommandExecutor.execute(DriverCommandExecutor.java:83)
	at org.openqa.selenium.remote.RemoteWebDriver.execute(RemoteWebDriver.java:552)
	at com.kms.katalon.selenium.driver.CChromeDriver.execute(CChromeDriver.java:19)
	at org.openqa.selenium.remote.RemoteWebElement.execute(RemoteWebElement.java:285)
	at org.openqa.selenium.remote.RemoteWebElement.click(RemoteWebElement.java:84)
	at jdk.internal.reflect.GeneratedMethodAccessor13.invoke(Unknown Source)
	at java.base/jdk.internal.reflect.DelegatingMethodAccessorImpl.invoke(DelegatingMethodAccessorImpl.java:43)
	at org.openqa.selenium.support.events.EventFiringWebDriver$EventFiringWebElement.lambda$new$0(EventFiringWebDriver.java:404)
	at jdk.proxy2/jdk.proxy2.$Proxy24.click(Unknown Source)
	at org.openqa.selenium.support.events.EventFiringWebDriver$EventFiringWebElement.click(EventFiringWebDriver.java:417)
	at org.openqa.selenium.WebElement$click.call(Unknown Source)
	at com.kms.katalon.core.webui.keyword.builtin.ClickKeyword.clickUntilSuccessWithTimeout(ClickKeyword.groovy:81)
	at com.kms.katalon.core.webui.keyword.builtin.ClickKeyword.clickUntilSuccessWithTimeout(ClickKeyword.groovy)
	at java.base/jdk.internal.reflect.NativeMethodAccessorImpl.invoke0(Native Method)
	at java.base/jdk.internal.reflect.NativeMethodAccessorImpl.invoke(NativeMethodAccessorImpl.java:77)
	at java.base/jdk.internal.reflect.DelegatingMethodAccessorImpl.invoke(DelegatingMethodAccessorImpl.java:43)
	at com.kms.katalon.core.webui.keyword.builtin.ClickKeyword$_click_closure1.doCall(ClickKeyword.groovy:67)
	at com.kms.katalon.core.webui.keyword.builtin.ClickKeyword$_click_closure1.call(ClickKeyword.groovy)
	at com.kms.katalon.core.webui.keyword.internal.WebUIKeywordMain.runKeyword(WebUIKeywordMain.groovy:20)
	at com.kms.katalon.core.webui.keyword.builtin.ClickKeyword.click(ClickKeyword.groovy:74)
	at com.kms.katalon.core.webui.keyword.builtin.ClickKeyword.execute(ClickKeyword.groovy:40)
	at com.kms.katalon.core.keyword.internal.KeywordExecutor.executeKeywordForPlatform(KeywordExecutor.groovy:74)
	at com.kms.katalon.core.webui.keyword.WebUiBuiltInKeywords.click(WebUiBuiltInKeywords.groovy:659)
	at Script1708912483660.run(Script1708912483660.groovy:45)
	... 15 more
)

26-02-2024T21:18:21 - [MESSAGE][FAILED] - Unable to click on object 'Object Repository/Page_Hitung Harga Properti Maksimal  BTN Pr_37bba6/button_Hitung' (Root cause: com.kms.katalon.core.exception.StepFailedException: Unable to click on object 'Object Repository/Page_Hitung Harga Properti Maksimal  BTN Pr_37bba6/button_Hitung'
	at com.kms.katalon.core.webui.keyword.internal.WebUIKeywordMain.stepFailed(WebUIKeywordMain.groovy:64)
	at com.kms.katalon.core.webui.keyword.internal.WebUIKeywordMain.runKeyword(WebUIKeywordMain.groovy:26)
	at com.kms.katalon.core.webui.keyword.builtin.ClickKeyword.click(ClickKeyword.groovy:74)
	at com.kms.katalon.core.webui.keyword.builtin.ClickKeyword.execute(ClickKeyword.groovy:40)
	at com.kms.katalon.core.keyword.internal.KeywordExecutor.executeKeywordForPlatform(KeywordExecutor.groovy:74)
	at com.kms.katalon.core.webui.keyword.WebUiBuiltInKeywords.click(WebUiBuiltInKeywords.groovy:659)
	at simulasiHitung.run(simulasiHitung:45)
	at com.kms.katalon.core.main.ScriptEngine.run(ScriptEngine.java:194)
	at com.kms.katalon.core.main.ScriptEngine.runScriptAsRawText(ScriptEngine.java:119)
	at com.kms.katalon.core.main.TestCaseExecutor.runScript(TestCaseExecutor.java:448)
	at com.kms.katalon.core.main.TestCaseExecutor.doExecute(TestCaseExecutor.java:439)
	at com.kms.katalon.core.main.TestCaseExecutor.processExecutionPhase(TestCaseExecutor.java:418)
	at com.kms.katalon.core.main.TestCaseExecutor.accessMainPhase(TestCaseExecutor.java:410)
	at com.kms.katalon.core.main.TestCaseExecutor.execute(TestCaseExecutor.java:285)
	at com.kms.katalon.core.common.CommonExecutor.accessTestCaseMainPhase(CommonExecutor.java:65)
	at com.kms.katalon.core.main.TestSuiteExecutor.accessTestSuiteMainPhase(TestSuiteExecutor.java:148)
	at com.kms.katalon.core.main.TestSuiteExecutor.execute(TestSuiteExecutor.java:106)
	at com.kms.katalon.core.main.TestCaseMain.startTestSuite(TestCaseMain.java:180)
	at TempTestSuite1708956981201.run(TempTestSuite1708956981201.groovy:36)
	at java.base/jdk.internal.reflect.NativeMethodAccessorImpl.invoke0(Native Method)
	at java.base/jdk.internal.reflect.NativeMethodAccessorImpl.invoke(NativeMethodAccessorImpl.java:77)
	at java.base/jdk.internal.reflect.DelegatingMethodAccessorImpl.invoke(DelegatingMethodAccessorImpl.java:43)
Caused by: org.openqa.selenium.ElementClickInterceptedException: element click intercepted: Element <button type="submit" class="btn btn-main px-5 d-block w-100" style="font-family:Helvetica;font-weight:700;font-size:16px;height:52px" disabled="">...</button> is not clickable at point (296, 580). Other element would receive the click: <div id="hitung_harga_button" class="col-12 col-md-6 p-0" style="width:250px;height:52px">...</div>
  (Session info: chrome=121.0.6167.189)
Build info: version: '3.141.59', revision: 'e82be7d358', time: '2018-11-14T08:25:53'
System info: host: 'WIN-S1NJ55NAC8V', ip: '192.168.18.44', os.name: 'Windows 10', os.arch: 'amd64', os.version: '10.0', java.version: '17.0.7'
Driver info: com.kms.katalon.selenium.driver.CChromeDriver
Capabilities {acceptInsecureCerts: false, browserName: chrome, browserVersion: 121.0.6167.189, chrome: {chromedriverVersion: 121.0.6167.85 (3f98d690ad7e..., userDataDir: C:\Users\Noto\AppData\Local...}, fedcm:accounts: true, goog:chromeOptions: {debuggerAddress: localhost:58285}, javascriptEnabled: true, networkConnectionEnabled: false, pageLoadStrategy: normal, platform: WINDOWS, platformName: WINDOWS, proxy: Proxy(), setWindowRect: true, strictFileInteractability: false, timeouts: {implicit: 0, pageLoad: 300000, script: 30000}, unhandledPromptBehavior: dismiss and notify, webauthn:extension:credBlob: true, webauthn:extension:largeBlob: true, webauthn:extension:minPinLength: true, webauthn:extension:prf: true, webauthn:virtualAuthenticators: true}
Session ID: 0fbd024cdd037fe9c47f7d7302f21630
	at jdk.internal.reflect.GeneratedConstructorAccessor27.newInstance(Unknown Source)
	at java.base/jdk.internal.reflect.DelegatingConstructorAccessorImpl.newInstance(DelegatingConstructorAccessorImpl.java:45)
	at org.openqa.selenium.remote.http.W3CHttpResponseCodec.createException(W3CHttpResponseCodec.java:187)
	at org.openqa.selenium.remote.http.W3CHttpResponseCodec.decode(W3CHttpResponseCodec.java:122)
	at org.openqa.selenium.remote.http.W3CHttpResponseCodec.decode(W3CHttpResponseCodec.java:49)
	at org.openqa.selenium.remote.HttpCommandExecutor.execute(HttpCommandExecutor.java:158)
	at org.openqa.selenium.remote.service.DriverCommandExecutor.execute(DriverCommandExecutor.java:83)
	at org.openqa.selenium.remote.RemoteWebDriver.execute(RemoteWebDriver.java:552)
	at com.kms.katalon.selenium.driver.CChromeDriver.execute(CChromeDriver.java:19)
	at org.openqa.selenium.remote.RemoteWebElement.execute(RemoteWebElement.java:285)
	at org.openqa.selenium.remote.RemoteWebElement.click(RemoteWebElement.java:84)
	at jdk.internal.reflect.GeneratedMethodAccessor13.invoke(Unknown Source)
	at java.base/jdk.internal.reflect.DelegatingMethodAccessorImpl.invoke(DelegatingMethodAccessorImpl.java:43)
	at org.openqa.selenium.support.events.EventFiringWebDriver$EventFiringWebElement.lambda$new$0(EventFiringWebDriver.java:404)
	at jdk.proxy2/jdk.proxy2.$Proxy24.click(Unknown Source)
	at org.openqa.selenium.support.events.EventFiringWebDriver$EventFiringWebElement.click(EventFiringWebDriver.java:417)
	at org.openqa.selenium.WebElement$click.call(Unknown Source)
	at com.kms.katalon.core.webui.keyword.builtin.ClickKeyword.clickUntilSuccessWithTimeout(ClickKeyword.groovy:81)
	at com.kms.katalon.core.webui.keyword.builtin.ClickKeyword.clickUntilSuccessWithTimeout(ClickKeyword.groovy)
	at java.base/jdk.internal.reflect.NativeMethodAccessorImpl.invoke0(Native Method)
	at java.base/jdk.internal.reflect.NativeMethodAccessorImpl.invoke(NativeMethodAccessorImpl.java:77)
	at java.base/jdk.internal.reflect.DelegatingMethodAccessorImpl.invoke(DelegatingMethodAccessorImpl.java:43)
	at com.kms.katalon.core.webui.keyword.builtin.ClickKeyword$_click_closure1.doCall(ClickKeyword.groovy:67)
	at com.kms.katalon.core.webui.keyword.builtin.ClickKeyword$_click_closure1.call(ClickKeyword.groovy)
	at com.kms.katalon.core.webui.keyword.internal.WebUIKeywordMain.runKeyword(WebUIKeywordMain.groovy:20)
	at com.kms.katalon.core.webui.keyword.builtin.ClickKeyword.click(ClickKeyword.groovy:74)
	at com.kms.katalon.core.webui.keyword.builtin.ClickKeyword.execute(ClickKeyword.groovy:40)
	at com.kms.katalon.core.keyword.internal.KeywordExecutor.executeKeywordForPlatform(KeywordExecutor.groovy:74)
	at com.kms.katalon.core.webui.keyword.WebUiBuiltInKeywords.click(WebUiBuiltInKeywords.groovy:659)
	at Script1708912483660.run(Script1708912483660.groovy:45)
	... 15 more
)
[[ATTACHMENT|C:\\Users\\Noto\\Katalon Studio\\hitungProperti\\Reports\\20240226_211621\\testSuite_HitungProperti\\20240226_211621\\1708957101174.png]]]]></system-out>
         <system-err><![CDATA[26-02-2024T21:17:06 - [TEST_CASE][FAILED] - Test Cases/simulasiHitung: Test Cases/simulasiHitung FAILED.
Reason:
com.kms.katalon.core.exception.StepFailedException: Unable to click on object 'Object Repository/Page_Hitung Harga Properti Maksimal  BTN Pr_37bba6/button_Hitung'
	at com.kms.katalon.core.webui.keyword.internal.WebUIKeywordMain.stepFailed(WebUIKeywordMain.groovy:64)
	at com.kms.katalon.core.webui.keyword.internal.WebUIKeywordMain.runKeyword(WebUIKeywordMain.groovy:26)
	at com.kms.katalon.core.webui.keyword.builtin.ClickKeyword.click(ClickKeyword.groovy:74)
	at com.kms.katalon.core.webui.keyword.builtin.ClickKeyword.execute(ClickKeyword.groovy:40)
	at com.kms.katalon.core.keyword.internal.KeywordExecutor.executeKeywordForPlatform(KeywordExecutor.groovy:74)
	at com.kms.katalon.core.webui.keyword.WebUiBuiltInKeywords.click(WebUiBuiltInKeywords.groovy:659)
	at simulasiHitung.run(simulasiHitung:45)
	at com.kms.katalon.core.main.ScriptEngine.run(ScriptEngine.java:194)
	at com.kms.katalon.core.main.ScriptEngine.runScriptAsRawText(ScriptEngine.java:119)
	at com.kms.katalon.core.main.TestCaseExecutor.runScript(TestCaseExecutor.java:448)
	at com.kms.katalon.core.main.TestCaseExecutor.doExecute(TestCaseExecutor.java:439)
	at com.kms.katalon.core.main.TestCaseExecutor.processExecutionPhase(TestCaseExecutor.java:418)
	at com.kms.katalon.core.main.TestCaseExecutor.accessMainPhase(TestCaseExecutor.java:410)
	at com.kms.katalon.core.main.TestCaseExecutor.execute(TestCaseExecutor.java:285)
	at com.kms.katalon.core.common.CommonExecutor.accessTestCaseMainPhase(CommonExecutor.java:65)
	at com.kms.katalon.core.main.TestSuiteExecutor.accessTestSuiteMainPhase(TestSuiteExecutor.java:148)
	at com.kms.katalon.core.main.TestSuiteExecutor.execute(TestSuiteExecutor.java:106)
	at com.kms.katalon.core.main.TestCaseMain.startTestSuite(TestCaseMain.java:180)
	at TempTestSuite1708956981201.run(TempTestSuite1708956981201.groovy:36)
	at java.base/jdk.internal.reflect.NativeMethodAccessorImpl.invoke0(Native Method)
	at java.base/jdk.internal.reflect.NativeMethodAccessorImpl.invoke(NativeMethodAccessorImpl.java:77)
	at java.base/jdk.internal.reflect.DelegatingMethodAccessorImpl.invoke(DelegatingMethodAccessorImpl.java:43)
Caused by: org.openqa.selenium.ElementClickInterceptedException: element click intercepted: Element <button type="submit" class="btn btn-main px-5 d-block w-100" style="font-family:Helvetica;font-weight:700;font-size:16px;height:52px" disabled="">...</button> is not clickable at point (296, 580). Other element would receive the click: <div id="hitung_harga_button" class="col-12 col-md-6 p-0" style="width:250px;height:52px">...</div>
  (Session info: chrome=121.0.6167.189)
Build info: version: '3.141.59', revision: 'e82be7d358', time: '2018-11-14T08:25:53'
System info: host: 'WIN-S1NJ55NAC8V', ip: '192.168.18.44', os.name: 'Windows 10', os.arch: 'amd64', os.version: '10.0', java.version: '17.0.7'
Driver info: com.kms.katalon.selenium.driver.CChromeDriver
Capabilities {acceptInsecureCerts: false, browserName: chrome, browserVersion: 121.0.6167.189, chrome: {chromedriverVersion: 121.0.6167.85 (3f98d690ad7e..., userDataDir: C:\Users\Noto\AppData\Local...}, fedcm:accounts: true, goog:chromeOptions: {debuggerAddress: localhost:58285}, javascriptEnabled: true, networkConnectionEnabled: false, pageLoadStrategy: normal, platform: WINDOWS, platformName: WINDOWS, proxy: Proxy(), setWindowRect: true, strictFileInteractability: false, timeouts: {implicit: 0, pageLoad: 300000, script: 30000}, unhandledPromptBehavior: dismiss and notify, webauthn:extension:credBlob: true, webauthn:extension:largeBlob: true, webauthn:extension:minPinLength: true, webauthn:extension:prf: true, webauthn:virtualAuthenticators: true}
Session ID: 0fbd024cdd037fe9c47f7d7302f21630
	at jdk.internal.reflect.GeneratedConstructorAccessor27.newInstance(Unknown Source)
	at java.base/jdk.internal.reflect.DelegatingConstructorAccessorImpl.newInstance(DelegatingConstructorAccessorImpl.java:45)
	at org.openqa.selenium.remote.http.W3CHttpResponseCodec.createException(W3CHttpResponseCodec.java:187)
	at org.openqa.selenium.remote.http.W3CHttpResponseCodec.decode(W3CHttpResponseCodec.java:122)
	at org.openqa.selenium.remote.http.W3CHttpResponseCodec.decode(W3CHttpResponseCodec.java:49)
	at org.openqa.selenium.remote.HttpCommandExecutor.execute(HttpCommandExecutor.java:158)
	at org.openqa.selenium.remote.service.DriverCommandExecutor.execute(DriverCommandExecutor.java:83)
	at org.openqa.selenium.remote.RemoteWebDriver.execute(RemoteWebDriver.java:552)
	at com.kms.katalon.selenium.driver.CChromeDriver.execute(CChromeDriver.java:19)
	at org.openqa.selenium.remote.RemoteWebElement.execute(RemoteWebElement.java:285)
	at org.openqa.selenium.remote.RemoteWebElement.click(RemoteWebElement.java:84)
	at jdk.internal.reflect.GeneratedMethodAccessor13.invoke(Unknown Source)
	at java.base/jdk.internal.reflect.DelegatingMethodAccessorImpl.invoke(DelegatingMethodAccessorImpl.java:43)
	at org.openqa.selenium.support.events.EventFiringWebDriver$EventFiringWebElement.lambda$new$0(EventFiringWebDriver.java:404)
	at jdk.proxy2/jdk.proxy2.$Proxy24.click(Unknown Source)
	at org.openqa.selenium.support.events.EventFiringWebDriver$EventFiringWebElement.click(EventFiringWebDriver.java:417)
	at org.openqa.selenium.WebElement$click.call(Unknown Source)
	at com.kms.katalon.core.webui.keyword.builtin.ClickKeyword.clickUntilSuccessWithTimeout(ClickKeyword.groovy:81)
	at com.kms.katalon.core.webui.keyword.builtin.ClickKeyword.clickUntilSuccessWithTimeout(ClickKeyword.groovy)
	at java.base/jdk.internal.reflect.NativeMethodAccessorImpl.invoke0(Native Method)
	at java.base/jdk.internal.reflect.NativeMethodAccessorImpl.invoke(NativeMethodAccessorImpl.java:77)
	at java.base/jdk.internal.reflect.DelegatingMethodAccessorImpl.invoke(DelegatingMethodAccessorImpl.java:43)
	at com.kms.katalon.core.webui.keyword.builtin.ClickKeyword$_click_closure1.doCall(ClickKeyword.groovy:67)
	at com.kms.katalon.core.webui.keyword.builtin.ClickKeyword$_click_closure1.call(ClickKeyword.groovy)
	at com.kms.katalon.core.webui.keyword.internal.WebUIKeywordMain.runKeyword(WebUIKeywordMain.groovy:20)
	... 20 more]]></system-err>
      </testcase>
      <testcase name="Test Cases/simulasiHitung" time="20.998" classname="Test Cases/simulasiHitung" status="PASSED">
         <system-out><![CDATA[26-02-2024T21:18:21 - [TEST_CASE][PASSED] - Test Cases/simulasiHitung: Test Cases/simulasiHitung

26-02-2024T21:18:21 - [TEST_STEP][PASSED] - openBrowser(""): Browser is opened with url: ''

26-02-2024T21:18:21 - [MESSAGE][WARNING] - A browser is already opened. Closing browser and opening a new one

26-02-2024T21:18:21 - [MESSAGE][INFO] - Starting 'Chrome' driver

26-02-2024T21:18:21 - [MESSAGE][INFO] - Action delay is set to 0 milliseconds

26-02-2024T21:18:22 - [MESSAGE][PASSED] - Browser is opened with url: ''

26-02-2024T21:18:22 - [TEST_STEP][PASSED] - navigateToUrl(UrlHitungProperti): Navigate to 'https://www.btnproperti.co.id/tools/hitung-harga-properti' successfully

26-02-2024T21:18:35 - [MESSAGE][PASSED] - Navigate to 'https://www.btnproperti.co.id/tools/hitung-harga-properti' successfully

26-02-2024T21:18:35 - [TEST_STEP][PASSED] - maximizeWindow(): Current window maximized

26-02-2024T21:18:35 - [MESSAGE][PASSED] - Current window maximized

26-02-2024T21:18:35 - [TEST_STEP][PASSED] - if (Penghasilan != ""): Text '6000000' is set on object 'Object Repository/Page_Hitung Harga Properti Maksimal  BTN Pr_37bba6/input_Penghasilan'

26-02-2024T21:18:35 - [TEST_STEP][PASSED] - setText(findTestObject("Object Repository/Page_Hitung Harga Properti Maksimal  BTN Pr_37bba6/input_Penghasilan"), Penghasilan): Text '6000000' is set on object 'Object Repository/Page_Hitung Harga Properti Maksimal  BTN Pr_37bba6/input_Penghasilan'

26-02-2024T21:18:36 - [MESSAGE][PASSED] - Text '6000000' is set on object 'Object Repository/Page_Hitung Harga Properti Maksimal  BTN Pr_37bba6/input_Penghasilan'

26-02-2024T21:18:36 - [TEST_STEP][PASSED] - if (Pengeluaran != ""): Text '3000000' is set on object 'Object Repository/Page_Hitung Harga Properti Maksimal  BTN Pr_37bba6/input_Pengeluaran'

26-02-2024T21:18:36 - [TEST_STEP][PASSED] - setText(findTestObject("Object Repository/Page_Hitung Harga Properti Maksimal  BTN Pr_37bba6/input_Pengeluaran"), Pengeluaran): Text '3000000' is set on object 'Object Repository/Page_Hitung Harga Properti Maksimal  BTN Pr_37bba6/input_Pengeluaran'

26-02-2024T21:18:37 - [MESSAGE][PASSED] - Text '3000000' is set on object 'Object Repository/Page_Hitung Harga Properti Maksimal  BTN Pr_37bba6/input_Pengeluaran'

26-02-2024T21:18:37 - [TEST_STEP][PASSED] - if (jangkaWaktu != ""): All options with value '15' are selected in object 'Object Repository/Page_Hitung Harga Properti Maksimal  BTN Pr_37bba6/select_jangkaWaktu'  using regular expression

26-02-2024T21:18:37 - [TEST_STEP][PASSED] - selectOptionByValue(findTestObject("Object Repository/Page_Hitung Harga Properti Maksimal  BTN Pr_37bba6/select_jangkaWaktu"), jangkaWaktu, true): All options with value '15' are selected in object 'Object Repository/Page_Hitung Harga Properti Maksimal  BTN Pr_37bba6/select_jangkaWaktu'  using regular expression

26-02-2024T21:18:38 - [MESSAGE][PASSED] - All options with value '15' are selected in object 'Object Repository/Page_Hitung Harga Properti Maksimal  BTN Pr_37bba6/select_jangkaWaktu'  using regular expression

26-02-2024T21:18:38 - [TEST_STEP][PASSED] - click(findTestObject("Page_Hitung Harga Properti Maksimal  BTN Pr_37bba6/button_Hitung")): Object: 'Object Repository/Page_Hitung Harga Properti Maksimal  BTN Pr_37bba6/button_Hitung' is clicked on

26-02-2024T21:18:41 - [MESSAGE][PASSED] - Object: 'Object Repository/Page_Hitung Harga Properti Maksimal  BTN Pr_37bba6/button_Hitung' is clicked on

26-02-2024T21:18:41 - [TEST_STEP][PASSED] - if (testType == "P"): Object 'Object Repository/Page_Hitung Harga Properti Maksimal  BTN Pr_37bba6/HasilHitung' is visible

26-02-2024T21:18:41 - [TEST_STEP][PASSED] - waitForElementVisible(findTestObject("Page_Hitung Harga Properti Maksimal  BTN Pr_37bba6/HasilHitung"), 0): Object 'Object Repository/Page_Hitung Harga Properti Maksimal  BTN Pr_37bba6/HasilHitung' is visible

26-02-2024T21:18:41 - [MESSAGE][WARNING] - Timeout '0' is invalid. Using default page load timeout: '30'

26-02-2024T21:18:42 - [MESSAGE][PASSED] - Object 'Object Repository/Page_Hitung Harga Properti Maksimal  BTN Pr_37bba6/HasilHitung' is visible

26-02-2024T21:18:42 - [TEST_STEP][PASSED] - closeBrowser(): Browser is closed

26-02-2024T21:18:42 - [MESSAGE][PASSED] - Browser is closed]]></system-out>
         <system-err><![CDATA[]]></system-err>
      </testcase>
      <system-out><![CDATA[26-02-2024T21:16:30 - [TEST_SUITE][FAILED] - testSuite_HitungProperti: Test Cases/simulasiHitung FAILED.
Reason:
com.kms.katalon.core.exception.StepFailedException: Unable to click on object 'Object Repository/Page_Hitung Harga Properti Maksimal  BTN Pr_37bba6/button_Hitung'
	at com.kms.katalon.core.webui.keyword.internal.WebUIKeywordMain.stepFailed(WebUIKeywordMain.groovy:64)
	at com.kms.katalon.core.webui.keyword.internal.WebUIKeywordMain.runKeyword(WebUIKeywordMain.groovy:26)
	at com.kms.katalon.core.webui.keyword.builtin.ClickKeyword.click(ClickKeyword.groovy:74)
	at com.kms.katalon.core.webui.keyword.builtin.ClickKeyword.execute(ClickKeyword.groovy:40)
	at com.kms.katalon.core.keyword.internal.KeywordExecutor.executeKeywordForPlatform(KeywordExecutor.groovy:74)
	at com.kms.katalon.core.webui.keyword.WebUiBuiltInKeywords.click(WebUiBuiltInKeywords.groovy:659)
	at simulasiHitung.run(simulasiHitung:45)
	at com.kms.katalon.core.main.ScriptEngine.run(ScriptEngine.java:194)
	at com.kms.katalon.core.main.ScriptEngine.runScriptAsRawText(ScriptEngine.java:119)
	at com.kms.katalon.core.main.TestCaseExecutor.runScript(TestCaseExecutor.java:448)
	at com.kms.katalon.core.main.TestCaseExecutor.doExecute(TestCaseExecutor.java:439)
	at com.kms.katalon.core.main.TestCaseExecutor.processExecutionPhase(TestCaseExecutor.java:418)
	at com.kms.katalon.core.main.TestCaseExecutor.accessMainPhase(TestCaseExecutor.java:410)
	at com.kms.katalon.core.main.TestCaseExecutor.execute(TestCaseExecutor.java:285)
	at com.kms.katalon.core.common.CommonExecutor.accessTestCaseMainPhase(CommonExecutor.java:65)
	at com.kms.katalon.core.main.TestSuiteExecutor.accessTestSuiteMainPhase(TestSuiteExecutor.java:148)
	at com.kms.katalon.core.main.TestSuiteExecutor.execute(TestSuiteExecutor.java:106)
	at com.kms.katalon.core.main.TestCaseMain.startTestSuite(TestCaseMain.java:180)
	at TempTestSuite1708956981201.run(TempTestSuite1708956981201.groovy:36)
	at java.base/jdk.internal.reflect.NativeMethodAccessorImpl.invoke0(Native Method)
	at java.base/jdk.internal.reflect.NativeMethodAccessorImpl.invoke(NativeMethodAccessorImpl.java:77)
	at java.base/jdk.internal.reflect.DelegatingMethodAccessorImpl.invoke(DelegatingMethodAccessorImpl.java:43)
Caused by: org.openqa.selenium.ElementClickInterceptedException: element click intercepted: Element <button type="submit" class="btn btn-main px-5 d-block w-100" style="font-family:Helvetica;font-weight:700;font-size:16px;height:52px" disabled="">...</button> is not clickable at point (296, 580). Other element would receive the click: <div id="hitung_harga_button" class="col-12 col-md-6 p-0" style="width:250px;height:52px">...</div>
  (Session info: chrome=121.0.6167.189)
Build info: version: '3.141.59', revision: 'e82be7d358', time: '2018-11-14T08:25:53'
System info: host: 'WIN-S1NJ55NAC8V', ip: '192.168.18.44', os.name: 'Windows 10', os.arch: 'amd64', os.version: '10.0', java.version: '17.0.7'
Driver info: com.kms.katalon.selenium.driver.CChromeDriver
Capabilities {acceptInsecureCerts: false, browserName: chrome, browserVersion: 121.0.6167.189, chrome: {chromedriverVersion: 121.0.6167.85 (3f98d690ad7e..., userDataDir: C:\Users\Noto\AppData\Local...}, fedcm:accounts: true, goog:chromeOptions: {debuggerAddress: localhost:58285}, javascriptEnabled: true, networkConnectionEnabled: false, pageLoadStrategy: normal, platform: WINDOWS, platformName: WINDOWS, proxy: Proxy(), setWindowRect: true, strictFileInteractability: false, timeouts: {implicit: 0, pageLoad: 300000, script: 30000}, unhandledPromptBehavior: dismiss and notify, webauthn:extension:credBlob: true, webauthn:extension:largeBlob: true, webauthn:extension:minPinLength: true, webauthn:extension:prf: true, webauthn:virtualAuthenticators: true}
Session ID: 0fbd024cdd037fe9c47f7d7302f21630
	at jdk.internal.reflect.GeneratedConstructorAccessor27.newInstance(Unknown Source)
	at java.base/jdk.internal.reflect.DelegatingConstructorAccessorImpl.newInstance(DelegatingConstructorAccessorImpl.java:45)
	at org.openqa.selenium.remote.http.W3CHttpResponseCodec.createException(W3CHttpResponseCodec.java:187)
	at org.openqa.selenium.remote.http.W3CHttpResponseCodec.decode(W3CHttpResponseCodec.java:122)
	at org.openqa.selenium.remote.http.W3CHttpResponseCodec.decode(W3CHttpResponseCodec.java:49)
	at org.openqa.selenium.remote.HttpCommandExecutor.execute(HttpCommandExecutor.java:158)
	at org.openqa.selenium.remote.service.DriverCommandExecutor.execute(DriverCommandExecutor.java:83)
	at org.openqa.selenium.remote.RemoteWebDriver.execute(RemoteWebDriver.java:552)
	at com.kms.katalon.selenium.driver.CChromeDriver.execute(CChromeDriver.java:19)
	at org.openqa.selenium.remote.RemoteWebElement.execute(RemoteWebElement.java:285)
	at org.openqa.selenium.remote.RemoteWebElement.click(RemoteWebElement.java:84)
	at jdk.internal.reflect.GeneratedMethodAccessor13.invoke(Unknown Source)
	at java.base/jdk.internal.reflect.DelegatingMethodAccessorImpl.invoke(DelegatingMethodAccessorImpl.java:43)
	at org.openqa.selenium.support.events.EventFiringWebDriver$EventFiringWebElement.lambda$new$0(EventFiringWebDriver.java:404)
	at jdk.proxy2/jdk.proxy2.$Proxy24.click(Unknown Source)
	at org.openqa.selenium.support.events.EventFiringWebDriver$EventFiringWebElement.click(EventFiringWebDriver.java:417)
	at org.openqa.selenium.WebElement$click.call(Unknown Source)
	at com.kms.katalon.core.webui.keyword.builtin.ClickKeyword.clickUntilSuccessWithTimeout(ClickKeyword.groovy:81)
	at com.kms.katalon.core.webui.keyword.builtin.ClickKeyword.clickUntilSuccessWithTimeout(ClickKeyword.groovy)
	at java.base/jdk.internal.reflect.NativeMethodAccessorImpl.invoke0(Native Method)
	at java.base/jdk.internal.reflect.NativeMethodAccessorImpl.invoke(NativeMethodAccessorImpl.java:77)
	at java.base/jdk.internal.reflect.DelegatingMethodAccessorImpl.invoke(DelegatingMethodAccessorImpl.java:43)
	at com.kms.katalon.core.webui.keyword.builtin.ClickKeyword$_click_closure1.doCall(ClickKeyword.groovy:67)
	at com.kms.katalon.core.webui.keyword.builtin.ClickKeyword$_click_closure1.call(ClickKeyword.groovy)
	at com.kms.katalon.core.webui.keyword.internal.WebUIKeywordMain.runKeyword(WebUIKeywordMain.groovy:20)
	... 20 more]]></system-out>
      <system-err><![CDATA[26-02-2024T21:16:30 - [TEST_SUITE][FAILED] - testSuite_HitungProperti: Test Cases/simulasiHitung FAILED.
Reason:
com.kms.katalon.core.exception.StepFailedException: Unable to click on object 'Object Repository/Page_Hitung Harga Properti Maksimal  BTN Pr_37bba6/button_Hitung'
	at com.kms.katalon.core.webui.keyword.internal.WebUIKeywordMain.stepFailed(WebUIKeywordMain.groovy:64)
	at com.kms.katalon.core.webui.keyword.internal.WebUIKeywordMain.runKeyword(WebUIKeywordMain.groovy:26)
	at com.kms.katalon.core.webui.keyword.builtin.ClickKeyword.click(ClickKeyword.groovy:74)
	at com.kms.katalon.core.webui.keyword.builtin.ClickKeyword.execute(ClickKeyword.groovy:40)
	at com.kms.katalon.core.keyword.internal.KeywordExecutor.executeKeywordForPlatform(KeywordExecutor.groovy:74)
	at com.kms.katalon.core.webui.keyword.WebUiBuiltInKeywords.click(WebUiBuiltInKeywords.groovy:659)
	at simulasiHitung.run(simulasiHitung:45)
	at com.kms.katalon.core.main.ScriptEngine.run(ScriptEngine.java:194)
	at com.kms.katalon.core.main.ScriptEngine.runScriptAsRawText(ScriptEngine.java:119)
	at com.kms.katalon.core.main.TestCaseExecutor.runScript(TestCaseExecutor.java:448)
	at com.kms.katalon.core.main.TestCaseExecutor.doExecute(TestCaseExecutor.java:439)
	at com.kms.katalon.core.main.TestCaseExecutor.processExecutionPhase(TestCaseExecutor.java:418)
	at com.kms.katalon.core.main.TestCaseExecutor.accessMainPhase(TestCaseExecutor.java:410)
	at com.kms.katalon.core.main.TestCaseExecutor.execute(TestCaseExecutor.java:285)
	at com.kms.katalon.core.common.CommonExecutor.accessTestCaseMainPhase(CommonExecutor.java:65)
	at com.kms.katalon.core.main.TestSuiteExecutor.accessTestSuiteMainPhase(TestSuiteExecutor.java:148)
	at com.kms.katalon.core.main.TestSuiteExecutor.execute(TestSuiteExecutor.java:106)
	at com.kms.katalon.core.main.TestCaseMain.startTestSuite(TestCaseMain.java:180)
	at TempTestSuite1708956981201.run(TempTestSuite1708956981201.groovy:36)
	at java.base/jdk.internal.reflect.NativeMethodAccessorImpl.invoke0(Native Method)
	at java.base/jdk.internal.reflect.NativeMethodAccessorImpl.invoke(NativeMethodAccessorImpl.java:77)
	at java.base/jdk.internal.reflect.DelegatingMethodAccessorImpl.invoke(DelegatingMethodAccessorImpl.java:43)
Caused by: org.openqa.selenium.ElementClickInterceptedException: element click intercepted: Element <button type="submit" class="btn btn-main px-5 d-block w-100" style="font-family:Helvetica;font-weight:700;font-size:16px;height:52px" disabled="">...</button> is not clickable at point (296, 580). Other element would receive the click: <div id="hitung_harga_button" class="col-12 col-md-6 p-0" style="width:250px;height:52px">...</div>
  (Session info: chrome=121.0.6167.189)
Build info: version: '3.141.59', revision: 'e82be7d358', time: '2018-11-14T08:25:53'
System info: host: 'WIN-S1NJ55NAC8V', ip: '192.168.18.44', os.name: 'Windows 10', os.arch: 'amd64', os.version: '10.0', java.version: '17.0.7'
Driver info: com.kms.katalon.selenium.driver.CChromeDriver
Capabilities {acceptInsecureCerts: false, browserName: chrome, browserVersion: 121.0.6167.189, chrome: {chromedriverVersion: 121.0.6167.85 (3f98d690ad7e..., userDataDir: C:\Users\Noto\AppData\Local...}, fedcm:accounts: true, goog:chromeOptions: {debuggerAddress: localhost:58285}, javascriptEnabled: true, networkConnectionEnabled: false, pageLoadStrategy: normal, platform: WINDOWS, platformName: WINDOWS, proxy: Proxy(), setWindowRect: true, strictFileInteractability: false, timeouts: {implicit: 0, pageLoad: 300000, script: 30000}, unhandledPromptBehavior: dismiss and notify, webauthn:extension:credBlob: true, webauthn:extension:largeBlob: true, webauthn:extension:minPinLength: true, webauthn:extension:prf: true, webauthn:virtualAuthenticators: true}
Session ID: 0fbd024cdd037fe9c47f7d7302f21630
	at jdk.internal.reflect.GeneratedConstructorAccessor27.newInstance(Unknown Source)
	at java.base/jdk.internal.reflect.DelegatingConstructorAccessorImpl.newInstance(DelegatingConstructorAccessorImpl.java:45)
	at org.openqa.selenium.remote.http.W3CHttpResponseCodec.createException(W3CHttpResponseCodec.java:187)
	at org.openqa.selenium.remote.http.W3CHttpResponseCodec.decode(W3CHttpResponseCodec.java:122)
	at org.openqa.selenium.remote.http.W3CHttpResponseCodec.decode(W3CHttpResponseCodec.java:49)
	at org.openqa.selenium.remote.HttpCommandExecutor.execute(HttpCommandExecutor.java:158)
	at org.openqa.selenium.remote.service.DriverCommandExecutor.execute(DriverCommandExecutor.java:83)
	at org.openqa.selenium.remote.RemoteWebDriver.execute(RemoteWebDriver.java:552)
	at com.kms.katalon.selenium.driver.CChromeDriver.execute(CChromeDriver.java:19)
	at org.openqa.selenium.remote.RemoteWebElement.execute(RemoteWebElement.java:285)
	at org.openqa.selenium.remote.RemoteWebElement.click(RemoteWebElement.java:84)
	at jdk.internal.reflect.GeneratedMethodAccessor13.invoke(Unknown Source)
	at java.base/jdk.internal.reflect.DelegatingMethodAccessorImpl.invoke(DelegatingMethodAccessorImpl.java:43)
	at org.openqa.selenium.support.events.EventFiringWebDriver$EventFiringWebElement.lambda$new$0(EventFiringWebDriver.java:404)
	at jdk.proxy2/jdk.proxy2.$Proxy24.click(Unknown Source)
	at org.openqa.selenium.support.events.EventFiringWebDriver$EventFiringWebElement.click(EventFiringWebDriver.java:417)
	at org.openqa.selenium.WebElement$click.call(Unknown Source)
	at com.kms.katalon.core.webui.keyword.builtin.ClickKeyword.clickUntilSuccessWithTimeout(ClickKeyword.groovy:81)
	at com.kms.katalon.core.webui.keyword.builtin.ClickKeyword.clickUntilSuccessWithTimeout(ClickKeyword.groovy)
	at java.base/jdk.internal.reflect.NativeMethodAccessorImpl.invoke0(Native Method)
	at java.base/jdk.internal.reflect.NativeMethodAccessorImpl.invoke(NativeMethodAccessorImpl.java:77)
	at java.base/jdk.internal.reflect.DelegatingMethodAccessorImpl.invoke(DelegatingMethodAccessorImpl.java:43)
	at com.kms.katalon.core.webui.keyword.builtin.ClickKeyword$_click_closure1.doCall(ClickKeyword.groovy:67)
	at com.kms.katalon.core.webui.keyword.builtin.ClickKeyword$_click_closure1.call(ClickKeyword.groovy)
	at com.kms.katalon.core.webui.keyword.internal.WebUIKeywordMain.runKeyword(WebUIKeywordMain.groovy:20)
	... 20 more]]></system-err>
   </testsuite>
</testsuites>
